<?xml version="1.0" encoding="UTF-8"?>
<testsuite name="org.sinekartads.integration.cms.AbstractCMSSignatureServiceTest" time="0.602" tests="1" errors="0" skipped="0" failures="1">
  <properties>
[...]
</properties>
  <testcase name="testCMSSignature" classname="org.sinekartads.integration.cms.AbstractCMSSignatureServiceTest" time="0.602">
    <failure type="java.lang.AssertionError:">java.lang.AssertionError: 
	at org.junit.Assert.fail(Assert.java:91)
	at org.junit.Assert.assertTrue(Assert.java:43)
	at org.junit.Assert.assertTrue(Assert.java:54)
	at org.sinekartads.integration.cms.AbstractCMSSignatureServiceTest.testCMSSignature(AbstractCMSSignatureServiceTest.java:150)
</failure>
  </testcase>
</testsuite>